============================================================
  Generated by:           Genus(TM) Synthesis Solution 19.13-s073_1
  Generated on:           May 20 2024  03:30:47 am
  Module:                 BoundFlasher_Mealy
  Technology libraries:   slow_1v0 
                          pll 0.0
                          CDK_S128x16 0.0
                          CDK_S256x16 0.0
                          CDK_R512x16 0.0
                          physical_cells 
                          slow_1v0 
                          pll 0.0
                          CDK_S128x16 0.0
                          CDK_S256x16 0.0
                          CDK_R512x16 0.0
                          physical_cells 
  Operating conditions:   slow 
  Interconnect mode:      global
  Area mode:              physical library
============================================================

Timing
--------

Clock Period 
-------------
clk   3000.0 


  Cost    Critical         Violating 
 Group   Path Slack  TNS     Paths   
-------------------------------------
clk             0.0   0.0          0 
default    No paths   0.0            
-------------------------------------
Total                 0.0          0 

Instance Count
--------------
Leaf Instance Count             451 
Physical Instance count           0 
Sequential Instance Count        54 
Combinational Instance Count    397 
Hierarchical Instance Count       0 

Area
----
Cell Area                          1287.972
Physical Cell Area                 0.000
Total Cell Area (Cell+Physical)    1287.972
Net Area                           568.808
Total Area (Cell+Physical+Net)     1856.780

Runtime                            0.0 seconds
Elapsed Runtime                    41 seconds
Genus peak memory usage            1080.38 
Innovus peak memory usage          no_value 
Hostname                           localhost
