============================================================
  Generated by:           Genus(TM) Synthesis Solution 19.13-s073_1
  Generated on:           Apr 03 2024  11:31:21 pm
  Module:                 boundFlasher
  Technology libraries:   slow_1v0 
                          pll 0.0
                          CDK_S128x16 0.0
                          CDK_S256x16 0.0
                          CDK_R512x16 0.0
                          physical_cells 
                          slow_1v0 
                          pll 0.0
                          CDK_S128x16 0.0
                          CDK_S256x16 0.0
                          CDK_R512x16 0.0
                          physical_cells 
  Operating conditions:   slow 
  Interconnect mode:      global
  Area mode:              physical library
============================================================

Timing
--------

Clock Period 
-------------
clk   2900.0 


  Cost    Critical         Violating 
 Group   Path Slack  TNS     Paths   
-------------------------------------
clk             0.2   0.0          0 
default    No paths   0.0            
-------------------------------------
Total                 0.0          0 

Instance Count
--------------
Leaf Instance Count             384 
Physical Instance count           0 
Sequential Instance Count        51 
Combinational Instance Count    333 
Hierarchical Instance Count       0 

Area
----
Cell Area                          1221.094
Physical Cell Area                 0.000
Total Cell Area (Cell+Physical)    1221.094
Net Area                           443.274
Total Area (Cell+Physical+Net)     1664.368

Runtime                            0.0 seconds
Elapsed Runtime                    38 seconds
Genus peak memory usage            1070.74 
Innovus peak memory usage          no_value 
Hostname                           localhost
